# Activity Log

## Run Summary
- 2026-03-08 23:28:09 | run=20260308-221730-36676 | iter=4 | mode=build | story=US-004 | duration=907s | status=success
- 2026-03-08 23:13:00 | run=20260308-221730-36676 | iter=3 | mode=build | story=US-003 | duration=1566s | status=success
- 2026-03-08 22:46:52 | run=20260308-221730-36676 | iter=2 | mode=build | story=US-002 | duration=903s | status=success
- 2026-03-08 22:31:45 | run=20260308-221730-36676 | iter=1 | mode=build | story=US-001 | duration=855s | status=success

## Events

[2026-03-08 22:17:31] ITERATION 1 start (mode=build story=US-001)
[2026-03-08 22:18:32] Start US-001 work: reviewing repo state and preparing Next.js scaffold
[2026-03-08 22:23:32] Implemented US-001 scaffold files: Next.js app, env validation, docs, and placeholder dashboard UI
[2026-03-08 22:26:41] Verified US-001 in browser and fixed form validation behavior surfaced during browser testing
[2026-03-08 22:29:57] Updated progress log for US-001 and preparing final log commit
[2026-03-08 22:31:45] ITERATION 1 end (duration=855s)
[2026-03-08 22:31:48] ITERATION 2 start (mode=build story=US-002)
[2026-03-08 22:35:15] Start US-002 audit and implementation
[2026-03-08 22:41:01] Implemented US-002 schema, source registry, and KIND disclosure normalizer
[2026-03-08 22:42:37] Verified US-002 with schema checks, build, and dev startup
[2026-03-08 22:45:24] Updated progress log for US-002 and preparing final log commit
[2026-03-08 22:46:20] Added iteration 2 run summary artifact for US-002
[2026-03-08 22:46:52] ITERATION 2 end (duration=903s)
[2026-03-08 22:46:54] ITERATION 3 start (mode=build story=US-003)
[2026-03-08 22:48:24] Start work on US-003 resolve stock codes and collect quote data
[2026-03-08 22:48:24] Context audit for US-003: guardrails, errors, PRD, and repo instructions reviewed
[2026-03-08 23:06:59] Implemented US-003 quote pipeline: KRX stock resolution, Naver quote/trend fetch, API route, and dashboard lookup UI
[2026-03-08 23:10:54] Verified US-003 with npm run build, API checks for valid and invalid stock codes, and browser validation for live quote and invalid-code flows
[2026-03-08 23:12:26] Updated progress log for US-003 with commit and verification details
[2026-03-08 23:13:00] ITERATION 3 end (duration=1566s)
[2026-03-08 23:13:02] ITERATION 4 start (mode=build story=US-004)
[2026-03-08 23:17:31] US-004 implementation: start news collector, API route, and dashboard integration
[2026-03-08 23:22:20] US-004 implementation: added news collector, route, and dashboard news rendering
[2026-03-08 23:22:38] US-004 verification: build passed, starting dev server and runtime checks
[2026-03-08 23:25:42] US-004 verification: build, API checks, mocked normalization logic review, and browser validation passed
[2026-03-08 23:27:28] Updated progress log for US-004 with commit and verification details
[2026-03-08 23:28:09] ITERATION 4 end (duration=907s)
[2026-03-08 23:28:12] ITERATION 5 start (mode=build story=US-005)
[2026-03-08 23:35:24] US-005 audit complete; implementing Tistory community adapter, API route, and dashboard summary UI
[2026-03-08 23:42:04] US-005 code changes applied; running build verification
[2026-03-08 23:42:24] US-005 build passed; starting dev server for browser verification
[2026-03-08 23:43:41] US-005 browser verification found a relevance-filter false positive; tightening community matching
[2026-03-08 23:45:30] US-005 final verification: rebuild and direct community API check
[2026-03-08 23:47:57] US-005 browser verification passed; running final build before commit
[2026-03-08 23:48:22] US-005 review complete; staging changes for implementation commit
[2026-03-08 23:49:50] US-005 progress log appended with commit and verification details
[2026-03-08 23:50:09] US-005 final bookkeeping committed; worktree clean
